# JRE version: Java(TM) SE Runtime Environment (8.0_241-b07) (build 1.8.0_241-b07)
# Java VM: Java HotSpot(TM) 64-Bit Server VM (25.241-b07 mixed mode windows-amd64 compressed oops)
Heap:
 PSYoungGen      total 136192K, used 64061K [0x00000000f5580000, 0x0000000100000000, 0x0000000100000000)
  eden space 103936K, 40% used [0x00000000f5580000,0x00000000f7f070f0,0x00000000fbb00000)
  from space 32256K, 66% used [0x00000000fbb00000,0x00000000fd0085a0,0x00000000fda80000)
  to   space 33280K, 0% used [0x00000000fdf80000,0x00000000fdf80000,0x0000000100000000)
 ParOldGen       total 349696K, used 257856K [0x00000000e0000000, 0x00000000f5580000, 0x00000000f5580000)
  object space 349696K, 73% used [0x00000000e0000000,0x00000000efbd0270,0x00000000f5580000)
 Metaspace       used 130334K, capacity 139545K, committed 139648K, reserved 1169408K
  class space    used 16926K, capacity 18797K, committed 18816K, reserved 1048576K
GC Heap History (10 events):
Event: 3397.282 GC heap before
{Heap before GC invocations=43 (full 4):
 PSYoungGen      total 135168K, used 124351K [0x00000000f5580000, 0x0000000100000000, 0x0000000100000000)
  eden space 99840K, 100% used [0x00000000f5580000,0x00000000fb700000,0x00000000fb700000)
  from space 35328K, 69% used [0x00000000fdc00000,0x00000000ff3eff18,0x00000000ffe80000)
  to   space 37376K, 0% used [0x00000000fb700000,0x00000000fb700000,0x00000000fdb80000)
 ParOldGen       total 349696K, used 249604K [0x00000000e0000000, 0x00000000f5580000, 0x00000000f5580000)
  object space 349696K, 71% used [0x00000000e0000000,0x00000000ef3c1170,0x00000000f5580000)
 Metaspace       used 119837K, capacity 128185K, committed 128256K, reserved 1161216K
  class space    used 15449K, capacity 17089K, committed 17152K, reserved 1048576K
Event: 3397.324 GC heap after
Heap after GC invocations=43 (full 4):
 PSYoungGen      total 137216K, used 2588K [0x00000000f5580000, 0x0000000100000000, 0x0000000100000000)
  eden space 99840K, 0% used [0x00000000f5580000,0x00000000f5580000,0x00000000fb700000)
  from space 37376K, 6% used [0x00000000fb700000,0x00000000fb9870f0,0x00000000fdb80000)
  to   space 36864K, 0% used [0x00000000fdc00000,0x00000000fdc00000,0x0000000100000000)
 ParOldGen       total 349696K, used 256330K [0x00000000e0000000, 0x00000000f5580000, 0x00000000f5580000)
  object space 349696K, 73% used [0x00000000e0000000,0x00000000efa52a58,0x00000000f5580000)
 Metaspace       used 119837K, capacity 128185K, committed 128256K, reserved 1161216K
  class space    used 15449K, capacity 17089K, committed 17152K, reserved 1048576K
}
Event: 3450.233 GC heap before
{Heap before GC invocations=44 (full 4):
 PSYoungGen      total 137216K, used 102428K [0x00000000f5580000, 0x0000000100000000, 0x0000000100000000)
  eden space 99840K, 100% used [0x00000000f5580000,0x00000000fb700000,0x00000000fb700000)
  from space 37376K, 6% used [0x00000000fb700000,0x00000000fb9870f0,0x00000000fdb80000)
  to   space 36864K, 0% used [0x00000000fdc00000,0x00000000fdc00000,0x0000000100000000)
 ParOldGen       total 349696K, used 256330K [0x00000000e0000000, 0x00000000f5580000, 0x00000000f5580000)
  object space 349696K, 73% used [0x00000000e0000000,0x00000000efa52a58,0x00000000f5580000)
 Metaspace       used 120172K, capacity 128523K, committed 128768K, reserved 1161216K
  class space    used 15493K, capacity 17140K, committed 17152K, reserved 1048576K
Event: 3450.308 GC heap after
Heap after GC invocations=44 (full 4):
 PSYoungGen      total 135680K, used 17403K [0x00000000f5580000, 0x00000000ffe80000, 0x0000000100000000)
  eden space 100352K, 0% used [0x00000000f5580000,0x00000000f5580000,0x00000000fb780000)
  from space 35328K, 49% used [0x00000000fdc00000,0x00000000fecfed80,0x00000000ffe80000)
  to   space 36352K, 0% used [0x00000000fb780000,0x00000000fb780000,0x00000000fdb00000)
 ParOldGen       total 349696K, used 257848K [0x00000000e0000000, 0x00000000f5580000, 0x00000000f5580000)
  object space 349696K, 73% used [0x00000000e0000000,0x00000000efbce270,0x00000000f5580000)
 Metaspace       used 120172K, capacity 128523K, committed 128768K, reserved 1161216K
  class space    used 15493K, capacity 17140K, committed 17152K, reserved 1048576K
}
Event: 3529.377 GC heap before
{Heap before GC invocations=45 (full 4):
 PSYoungGen      total 135680K, used 117755K [0x00000000f5580000, 0x00000000ffe80000, 0x0000000100000000)
  eden space 100352K, 100% used [0x00000000f5580000,0x00000000fb780000,0x00000000fb780000)
  from space 35328K, 49% used [0x00000000fdc00000,0x00000000fecfed80,0x00000000ffe80000)
  to   space 36352K, 0% used [0x00000000fb780000,0x00000000fb780000,0x00000000fdb00000)
 ParOldGen       total 349696K, used 257848K [0x00000000e0000000, 0x00000000f5580000, 0x00000000f5580000)
  object space 349696K, 73% used [0x00000000e0000000,0x00000000efbce270,0x00000000f5580000)
 Metaspace       used 121182K, capacity 129593K, committed 129792K, reserved 1161216K
  class space    used 15644K, capacity 17325K, committed 17408K, reserved 1048576K
Event: 3529.434 GC heap after
Heap after GC invocations=45 (full 4):
 PSYoungGen      total 136704K, used 14362K [0x00000000f5580000, 0x00000000ffd00000, 0x0000000100000000)
  eden space 100352K, 0% used [0x00000000f5580000,0x00000000f5580000,0x00000000fb780000)
  from space 36352K, 39% used [0x00000000fb780000,0x00000000fc5869b8,0x00000000fdb00000)
  to   space 34304K, 0% used [0x00000000fdb80000,0x00000000fdb80000,0x00000000ffd00000)
 ParOldGen       total 349696K, used 257856K [0x00000000e0000000, 0x00000000f5580000, 0x00000000f5580000)
  object space 349696K, 73% used [0x00000000e0000000,0x00000000efbd0270,0x00000000f5580000)
 Metaspace       used 121182K, capacity 129593K, committed 129792K, reserved 1161216K
  class space    used 15644K, capacity 17325K, committed 17408K, reserved 1048576K
}
Event: 3533.556 GC heap before
{Heap before GC invocations=46 (full 4):
 PSYoungGen      total 136704K, used 114714K [0x00000000f5580000, 0x00000000ffd00000, 0x0000000100000000)
  eden space 100352K, 100% used [0x00000000f5580000,0x00000000fb780000,0x00000000fb780000)
  from space 36352K, 39% used [0x00000000fb780000,0x00000000fc5869b8,0x00000000fdb00000)
  to   space 34304K, 0% used [0x00000000fdb80000,0x00000000fdb80000,0x00000000ffd00000)
 ParOldGen       total 349696K, used 257856K [0x00000000e0000000, 0x00000000f5580000, 0x00000000f5580000)
  object space 349696K, 73% used [0x00000000e0000000,0x00000000efbd0270,0x00000000f5580000)
 Metaspace       used 121443K, capacity 129937K, committed 130048K, reserved 1161216K
  class space    used 15663K, capacity 17391K, committed 17408K, reserved 1048576K
Event: 3533.635 GC heap after
Heap after GC invocations=46 (full 4):
 PSYoungGen      total 135168K, used 12313K [0x00000000f5580000, 0x00000000ffa00000, 0x0000000100000000)
  eden space 103936K, 0% used [0x00000000f5580000,0x00000000f5580000,0x00000000fbb00000)
  from space 31232K, 39% used [0x00000000fdb80000,0x00000000fe7866d8,0x00000000ffa00000)
  to   space 32256K, 0% used [0x00000000fbb00000,0x00000000fbb00000,0x00000000fda80000)
 ParOldGen       total 349696K, used 257856K [0x00000000e0000000, 0x00000000f5580000, 0x00000000f5580000)
  object space 349696K, 73% used [0x00000000e0000000,0x00000000efbd0270,0x00000000f5580000)
 Metaspace       used 121443K, capacity 129937K, committed 130048K, reserved 1161216K
  class space    used 15663K, capacity 17391K, committed 17408K, reserved 1048576K
}
Event: 3538.368 GC heap before
{Heap before GC invocations=47 (full 4):
 PSYoungGen      total 135168K, used 116249K [0x00000000f5580000, 0x00000000ffa00000, 0x0000000100000000)
  eden space 103936K, 100% used [0x00000000f5580000,0x00000000fbb00000,0x00000000fbb00000)
  from space 31232K, 39% used [0x00000000fdb80000,0x00000000fe7866d8,0x00000000ffa00000)
  to   space 32256K, 0% used [0x00000000fbb00000,0x00000000fbb00000,0x00000000fda80000)
 ParOldGen       total 349696K, used 257856K [0x00000000e0000000, 0x00000000f5580000, 0x00000000f5580000)
  object space 349696K, 73% used [0x00000000e0000000,0x00000000efbd0270,0x00000000f5580000)
 Metaspace       used 129645K, capacity 138841K, committed 138880K, reserved 1169408K
  class space    used 16902K, capacity 18789K, committed 18816K, reserved 1048576K
Event: 3538.440 GC heap after
Heap after GC invocations=47 (full 4):
 PSYoungGen      total 136192K, used 21537K [0x00000000f5580000, 0x0000000100000000, 0x0000000100000000)
  eden space 103936K, 0% used [0x00000000f5580000,0x00000000f5580000,0x00000000fbb00000)
  from space 32256K, 66% used [0x00000000fbb00000,0x00000000fd0085a0,0x00000000fda80000)
  to   space 33280K, 0% used [0x00000000fdf80000,0x00000000fdf80000,0x0000000100000000)
 ParOldGen       total 349696K, used 257856K [0x00000000e0000000, 0x00000000f5580000, 0x00000000f5580000)
  object space 349696K, 73% used [0x00000000e0000000,0x00000000efbd0270,0x00000000f5580000)
 Metaspace       used 129645K, capacity 138841K, committed 138880K, reserved 1169408K
  class space    used 16902K, capacity 18789K, committed 18816K, reserved 1048576K
}

